<?xml version="1.0" encoding="UTF-8"?>
<TestRun id="3ffbddd4-c17e-422f-b9c0-47944ad3c360" name="Simon@SLAPTOP 2012-05-17 02:19:04" runUser="Slaptop\Simon" xmlns="http://microsoft.com/schemas/VisualStudio/TeamTest/2010">
  <TestSettings name="Local" id="e0c2a3b5-474f-4d65-9b0f-6b5a38aa0579">
    <Description>These are default test settings for a local test run.</Description>
    <Deployment enabled="false" runDeploymentRoot="Simon_SLAPTOP 2012-05-17 02_19_04">
      <DeploymentItem filename="C:\Users\Simon\Development\Projects\Fridge.XNA\Fridge.XNA\bin\x86\Debug\Fridge.XNA.dll" />
    </Deployment>
    <Execution>
      <TestTypeSpecific />
      <AgentRule name="Execution Agents">
      </AgentRule>
    </Execution>
  </TestSettings>
  <Times creation="2012-05-17T02:19:04.1998666+02:00" queuing="2012-05-17T02:19:05.2398681+02:00" start="2012-05-17T02:19:05.2998682+02:00" finish="2012-05-17T02:19:06.6798701+02:00" />
  <ResultSummary outcome="Completed">
    <Counters total="1" executed="1" passed="1" error="0" failed="0" timeout="0" aborted="0" inconclusive="0" passedButRunAborted="0" notRunnable="0" notExecuted="0" disconnected="0" warning="0" completed="0" inProgress="0" pending="0" />
  </ResultSummary>
  <TestDefinitions>
    <UnitTest name="TestDisplayObjectContainerContainsChildren" storage="c:\users\simon\development\projects\fridge.xna\fridge.xna.test\bin\debug\fridge.xna.test.dll" id="87e09e03-8483-bda8-f2cd-ee09035ddc9f">
      <Execution id="2d0a7c4e-e535-4af0-a4e2-ccfd93eefd9b" />
      <TestMethod codeBase="C:/Users/Simon/Development/Projects/Fridge.XNA/Fridge.XNA.Test/bin/Debug/Fridge.XNA.Test.DLL" adapterTypeName="Microsoft.VisualStudio.TestTools.TestTypes.Unit.UnitTestAdapter, Microsoft.VisualStudio.QualityTools.Tips.UnitTest.Adapter, Version=10.0.0.0, Culture=neutral, PublicKeyToken=b03f5f7f11d50a3a" className="Fridge.XNA.Test.DisplayTests, Fridge.XNA.Test, Version=1.0.0.0, Culture=neutral, PublicKeyToken=null" name="TestDisplayObjectContainerContainsChildren" />
    </UnitTest>
  </TestDefinitions>
  <TestLists>
    <TestList name="Results Not in a List" id="8c84fa94-04c1-424b-9868-57a2d4851a1d" />
    <TestList name="All Loaded Results" id="19431567-8539-422a-85d7-44ee4e166bda" />
  </TestLists>
  <TestEntries>
    <TestEntry testId="87e09e03-8483-bda8-f2cd-ee09035ddc9f" executionId="2d0a7c4e-e535-4af0-a4e2-ccfd93eefd9b" testListId="8c84fa94-04c1-424b-9868-57a2d4851a1d" />
  </TestEntries>
  <Results>
    <UnitTestResult executionId="2d0a7c4e-e535-4af0-a4e2-ccfd93eefd9b" testId="87e09e03-8483-bda8-f2cd-ee09035ddc9f" testName="TestDisplayObjectContainerContainsChildren" computerName="SLAPTOP" duration="00:00:00.1786855" startTime="2012-05-17T02:19:05.3398682+02:00" endTime="2012-05-17T02:19:06.6098700+02:00" testType="13cdc9d9-ddb5-4fa4-a97d-d965ccfc6d4b" outcome="Passed" testListId="8c84fa94-04c1-424b-9868-57a2d4851a1d" relativeResultsDirectory="2d0a7c4e-e535-4af0-a4e2-ccfd93eefd9b">
    </UnitTestResult>
  </Results>
</TestRun>